commit 4b7b0044ea044346e73d12650870d6fa45f3790a
Author: Nuli Dharma Teja <dt.cb3559@gmail.com>
Date:   Fri Dec 1 14:23:50 2017 +0530

    created 6.txt and added first line

commit cb6b82289a9e4a47c6697f4a82417c89990faf84
Author: Nuli Dharma Teja <dt.cb3559@gmail.com>
Date:   Fri Dec 1 14:07:44 2017 +0530

    added 7, 8, 9 to file 5

commit 1eb82c610d56bd4a7600e19488e3b5f420e9666b
Author: Nuli Dharma Teja <dt.cb3559@gmail.com>
Date:   Fri Dec 1 14:07:11 2017 +0530

    added heading to file 5

commit c63e2ec8ec07e38d33ef730014f52191b3b275bc
Author: Nuli Dharma Teja <dt.cb3559@gmail.com>
Date:   Fri Dec 1 14:06:54 2017 +0530

    added 3 more numbers to file 5

commit f4d151f245972ae6ccb864479a0ba34b54f0b2ff
Author: Nuli Dharma Teja <dt.cb3559@gmail.com>
Date:   Fri Dec 1 14:05:20 2017 +0530

    created file5 with three numbers

commit bb2c71048bdf2a2a02e9b81b7757e35bae8c4c3f
Author: Nuli Dharma Teja <dt.cb3559@gmail.com>
Date:   Wed Nov 29 16:25:45 2017 +0530

    rearranged numbers in file4 and added a new line in file 3

commit 56eb84e2349abf556301f735916e46fa92f0f1b8
Author: Nuli Dharma Teja <dt.cb3559@gmail.com>
Date:   Wed Nov 29 16:24:25 2017 +0530

    removed heading in file4

commit 7f308d5a2ffee8cf12919e28bf3e54256a14384c
Author: Nuli Dharma Teja <dt.cb3559@gmail.com>
Date:   Wed Nov 29 16:23:59 2017 +0530

    created file4

commit 6d4eb51b92d62ac7cc86a582b6785635d5cd1864
Author: Nuli Dharma Teja <dt.cb3559@gmail.com>
Date:   Fri Nov 17 21:03:13 2017 +0530

    added a 3rd line to file1.txt

commit 407c0ea7b888eccaa7fbb0a08d7a5cb804fc9ec7
Author: Nuli Dharma Teja <dt.cb3559@gmail.com>
Date:   Fri Nov 17 20:33:36 2017 +0530

    added new lines to file2 and file3

commit 77ea904903d4a3990fab443ceaa0757c27641668
Author: Nuli Dharma Teja <dt.cb3559@gmail.com>
Date:   Fri Nov 17 20:03:24 2017 +0530

    adding third file

commit 8b091dabb56aa5a7470785b3e1c10b5a69aae8e7
Author: Nuli Dharma Teja <dt.cb3559@gmail.com>
Date:   Fri Nov 17 20:03:07 2017 +0530

    adding second file

commit 8d2251eba5d90fa6daf10bed469011cf45cc0e7d
Author: Nuli Dharma Teja <dt.cb3559@gmail.com>
Date:   Fri Nov 17 20:00:15 2017 +0530

    renamed firstfile.txt to file1.txt

commit 04eeb00977c6fe507a0a7d94ef896c504ae0a962
Author: Nuli Dharma Teja <dt.cb3559@gmail.com>
Date:   Thu Nov 16 19:49:45 2017 +0530

    initial commit
